#
# A fatal error has been detected by the Java Runtime Environment:
#
#  EXCEPTION_ACCESS_VIOLATION (0xc0000005) at pc=0x100a7f17, pid=2416, tid=6008
#
# JRE version: 7.0_05-b06
# Java VM: Java HotSpot(TM) Client VM (23.1-b03 mixed mode, sharing windows-x86 )
# Problematic frame:
# C  [GOOGLEPINYIN2.IME+0xa7f17]  DllRegisterServer+0x43d47
#
# Failed to write core dump. Minidumps are not enabled by default on client versions of Windows
#
# If you would like to submit a bug report, please visit:
#   http://bugreport.sun.com/bugreport/crash.jsp
# The crash happened outside the Java Virtual Machine in native code.
# See problematic frame for where to report the bug.
#

---------------  T H R E A D  ---------------

Current thread (0x02f94c00):  JavaThread "AWT-Windows" daemon [_thread_in_native, id=6008, stack(0x031e0000,0x03230000)]

siginfo: ExceptionCode=0xc0000005, reading address 0x00000004

Registers:
EAX=0x076d5310, EBX=0x076be238, ECX=0x00000000, EDX=0x00000002
ESP=0x0322f72c, EBP=0x0322f764, ESI=0x076d5310, EDI=0x00000002
EIP=0x100a7f17, EFLAGS=0x00010246

Top of Stack: (sp=0x0322f72c)
0x0322f72c:   00000001 100a56ba 00220b16 076d5310
0x0322f73c:   00000111 00000002 00220b16 100a5c72
0x0322f74c:   076d5310 0322f764 0322f7cc 100a5c20
0x0322f75c:   0322f790 00000000 00000000 77d18734
0x0322f76c:   00220b16 00000111 00000002 00220b16
0x0322f77c:   100a5c20 dcbaabcd 00000000 0322f7cc
0x0322f78c:   100a5c20 0322f7f8 77d18816 100a5c20
0x0322f79c:   00220b16 00000111 00000002 00220b16 

Instructions: (pc=0x100a7f17)
0x100a7ef7:   d8 83 e8 01 83 c4 0c c3 83 c8 ff 83 c4 0c c3 cc
0x100a7f07:   cc cc cc cc cc cc cc cc cc 53 8b 58 04 8b 4b 50
0x100a7f17:   8b 49 04 56 57 52 e8 5e 96 ff ff 85 c0 74 29 8b
0x100a7f27:   70 1c 85 f6 74 22 83 78 18 10 72 05 8b 40 04 eb 


Register to memory mapping:

EAX=0x076d5310 is an unknown value
EBX=0x076be238 is an unknown value
ECX=0x00000000 is an unknown value
EDX=0x00000002 is an unknown value
ESP=0x0322f72c is pointing into the stack for thread: 0x02f94c00
EBP=0x0322f764 is pointing into the stack for thread: 0x02f94c00
ESI=0x076d5310 is an unknown value
EDI=0x00000002 is an unknown value


Stack: [0x031e0000,0x03230000],  sp=0x0322f72c,  free space=317k
Native frames: (J=compiled Java code, j=interpreted, Vv=VM code, C=native code)
C  [GOOGLEPINYIN2.IME+0xa7f17]  DllRegisterServer+0x43d47

Java frames: (J=compiled Java code, j=interpreted, Vv=VM code)
j  sun.awt.windows.WToolkit.eventLoop()V+0
j  sun.awt.windows.WToolkit.run()V+49
j  java.lang.Thread.run()V+11
v  ~StubRoutines::call_stub

---------------  P R O C E S S  ---------------

Java Threads: ( => current thread )
  0x03078400 JavaThread "Thread-0" daemon [_thread_in_native, id=1768, stack(0x08ac0000,0x08b10000)]
  0x00878400 JavaThread "DestroyJavaVM" [_thread_blocked, id=5548, stack(0x00960000,0x009b0000)]
  0x02fb6800 JavaThread "Image Fetcher 0" daemon [_thread_blocked, id=2232, stack(0x03930000,0x03980000)]
  0x02fac400 JavaThread "AWT-EventQueue-0" [_thread_blocked, id=4508, stack(0x038e0000,0x03930000)]
=>0x02f94c00 JavaThread "AWT-Windows" daemon [_thread_in_native, id=6008, stack(0x031e0000,0x03230000)]
  0x02f93400 JavaThread "AWT-Shutdown" [_thread_blocked, id=2996, stack(0x03190000,0x031e0000)]
  0x02f92400 JavaThread "Java2D Disposer" daemon [_thread_blocked, id=4788, stack(0x03140000,0x03190000)]
  0x02b1a400 JavaThread "Service Thread" daemon [_thread_blocked, id=2384, stack(0x02ea0000,0x02ef0000)]
  0x02b14400 JavaThread "C1 CompilerThread0" daemon [_thread_blocked, id=5928, stack(0x02e50000,0x02ea0000)]
  0x02b12800 JavaThread "Attach Listener" daemon [_thread_blocked, id=4452, stack(0x02e00000,0x02e50000)]
  0x02b11400 JavaThread "Signal Dispatcher" daemon [_thread_blocked, id=2568, stack(0x02db0000,0x02e00000)]
  0x02af1800 JavaThread "Finalizer" daemon [_thread_blocked, id=5056, stack(0x02d60000,0x02db0000)]
  0x02af0400 JavaThread "Reference Handler" daemon [_thread_blocked, id=2828, stack(0x02d10000,0x02d60000)]

Other Threads:
  0x02aee800 VMThread [stack: 0x02cc0000,0x02d10000] [id=4688]
  0x02b1d400 WatcherThread [stack: 0x02ef0000,0x02f40000] [id=6024]

VM state:not at safepoint (normal execution)

VM Mutex/Monitor currently owned by a thread: None

Heap
 def new generation   total 4928K, used 2926K [0x22c40000, 0x23190000, 0x28190000)
  eden space 4416K,  54% used [0x22c40000, 0x22e9b900, 0x23090000)
  from space 512K, 100% used [0x23090000, 0x23110000, 0x23110000)
  to   space 512K,   0% used [0x23110000, 0x23110000, 0x23190000)
 tenured generation   total 10944K, used 1470K [0x28190000, 0x28c40000, 0x32c40000)
   the space 10944K,  13% used [0x28190000, 0x282ffa48, 0x282ffc00, 0x28c40000)
 compacting perm gen  total 12288K, used 1331K [0x32c40000, 0x33840000, 0x36c40000)
   the space 12288K,  10% used [0x32c40000, 0x32d8ceb0, 0x32d8d000, 0x33840000)
    ro space 10240K,  45% used [0x36c40000, 0x370c3960, 0x370c3a00, 0x37640000)
    rw space 12288K,  54% used [0x37640000, 0x37cc74d8, 0x37cc7600, 0x38240000)

Code Cache  [0x009e0000, 0x00ad0000, 0x029e0000)
 total_blobs=497 nmethods=280 adapters=152 free_code_cache=31808Kb largest_free_block=32572160

Compilation events (10 events):
Event: 4.234 Thread 0x02b14400  276             java.security.AccessControlContext::optimize (319 bytes)
Event: 4.235 Thread 0x02b14400 nmethod 276 0x00accec8 code [0x00acd040, 0x00acd660]
Event: 4.240 Thread 0x02b14400  277             java.util.concurrent.locks.ReentrantLock$Sync::isHeldExclusively (16 bytes)
Event: 4.241 Thread 0x02b14400 nmethod 277 0x00acdcc8 code [0x00acddc0, 0x00acde60]
Event: 4.265 Thread 0x02b14400  278             java.awt.Component::getCursor_NoClientCode (30 bytes)
Event: 4.265 Thread 0x02b14400 nmethod 278 0x00acdec8 code [0x00acdff0, 0x00ace124]
Event: 4.402 Thread 0x02b14400  279             java.awt.Toolkit$SelectiveAWTEventListener::eventDispatched (745 bytes)
Event: 4.403 Thread 0x02b14400 nmethod 279 0x00ace248 code [0x00ace380, 0x00acec3c]
Event: 4.584 Thread 0x02b14400  280   !         sun.awt.AWTAutoShutdown::setToolkitBusy (124 bytes)
Event: 4.585 Thread 0x02b14400 nmethod 280 0x00acf148 code [0x00acf2a0, 0x00acf7cc]

GC Heap History (4 events):
Event: 0.709 GC heap before
{Heap before GC invocations=0 (full 0):
 def new generation   total 4928K, used 4416K [0x22c40000, 0x23190000, 0x28190000)
  eden space 4416K, 100% used [0x22c40000, 0x23090000, 0x23090000)
  from space 512K,   0% used [0x23090000, 0x23090000, 0x23110000)
  to   space 512K,   0% used [0x23110000, 0x23110000, 0x23190000)
 tenured generation   total 10944K, used 0K [0x28190000, 0x28c40000, 0x32c40000)
   the space 10944K,   0% used [0x28190000, 0x28190000, 0x28190200, 0x28c40000)
 compacting perm gen  total 12288K, used 999K [0x32c40000, 0x33840000, 0x36c40000)
   the space 12288K,   8% used [0x32c40000, 0x32d39e40, 0x32d3a000, 0x33840000)
    ro space 10240K,  45% used [0x36c40000, 0x370c3960, 0x370c3a00, 0x37640000)
    rw space 12288K,  54% used [0x37640000, 0x37cc74d8, 0x37cc7600, 0x38240000)
Event: 0.720 GC heap after
Heap after GC invocations=1 (full 0):
 def new generation   total 4928K, used 512K [0x22c40000, 0x23190000, 0x28190000)
  eden space 4416K,   0% used [0x22c40000, 0x22c40000, 0x23090000)
  from space 512K, 100% used [0x23110000, 0x23190000, 0x23190000)
  to   space 512K,   0% used [0x23090000, 0x23090000, 0x23110000)
 tenured generation   total 10944K, used 913K [0x28190000, 0x28c40000, 0x32c40000)
   the space 10944K,   8% used [0x28190000, 0x28274448, 0x28274600, 0x28c40000)
 compacting perm gen  total 12288K, used 999K [0x32c40000, 0x33840000, 0x36c40000)
   the space 12288K,   8% used [0x32c40000, 0x32d39e40, 0x32d3a000, 0x33840000)
    ro space 10240K,  45% used [0x36c40000, 0x370c3960, 0x370c3a00, 0x37640000)
    rw space 12288K,  54% used [0x37640000, 0x37cc74d8, 0x37cc7600, 0x38240000)
}
Event: 1.758 GC heap before
{Heap before GC invocations=1 (full 0):
 def new generation   total 4928K, used 4860K [0x22c40000, 0x23190000, 0x28190000)
  eden space 4416K,  98% used [0x22c40000, 0x2307f260, 0x23090000)
  from space 512K, 100% used [0x23110000, 0x23190000, 0x23190000)
  to   space 512K,   0% used [0x23090000, 0x23090000, 0x23110000)
 tenured generation   total 10944K, used 913K [0x28190000, 0x28c40000, 0x32c40000)
   the space 10944K,   8% used [0x28190000, 0x28274448, 0x28274600, 0x28c40000)
 compacting perm gen  total 12288K, used 1216K [0x32c40000, 0x33840000, 0x36c40000)
   the space 12288K,   9% used [0x32c40000, 0x32d70130, 0x32d70200, 0x33840000)
    ro space 10240K,  45% used [0x36c40000, 0x370c3960, 0x370c3a00, 0x37640000)
    rw space 12288K,  54% used [0x37640000, 0x37cc74d8, 0x37cc7600, 0x38240000)
Event: 1.766 GC heap after
Heap after GC invocations=2 (full 0):
 def new generation   total 4928K, used 512K [0x22c40000, 0x23190000, 0x28190000)
  eden space 4416K,   0% used [0x22c40000, 0x22c40000, 0x23090000)
  from space 512K, 100% used [0x23090000, 0x23110000, 0x23110000)
  to   space 512K,   0% used [0x23110000, 0x23110000, 0x23190000)
 tenured generation   total 10944K, used 1470K [0x28190000, 0x28c40000, 0x32c40000)
   the space 10944K,  13% used [0x28190000, 0x282ffa48, 0x282ffc00, 0x28c40000)
 compacting perm gen  total 12288K, used 1216K [0x32c40000, 0x33840000, 0x36c40000)
   the space 12288K,   9% used [0x32c40000, 0x32d70130, 0x32d70200, 0x33840000)
    ro space 10240K,  45% used [0x36c40000, 0x370c3960, 0x370c3a00, 0x37640000)
    rw space 12288K,  54% used [0x37640000, 0x37cc74d8, 0x37cc7600, 0x38240000)
}

Deoptimization events (0 events):
No events

Internal exceptions (10 events):
Event: 0.540 Thread 0x00878400 Threw 0x22e65048 at C:\jdk7u5_32P\jdk7u5\hotspot\src\share\vm\interpreter\linkResolver.cpp:805
Event: 1.415 Thread 0x00878400 Threw 0x23020e28 at C:\jdk7u5_32P\jdk7u5\hotspot\src\share\vm\prims\jvm.cpp:1166
Event: 1.417 Thread 0x00878400 Threw 0x23024770 at C:\jdk7u5_32P\jdk7u5\hotspot\src\share\vm\prims\jvm.cpp:1166
Event: 1.419 Thread 0x00878400 Threw 0x23031b40 at C:\jdk7u5_32P\jdk7u5\hotspot\src\share\vm\prims\jvm.cpp:1166
Event: 1.422 Thread 0x00878400 Threw 0x23033f20 at C:\jdk7u5_32P\jdk7u5\hotspot\src\share\vm\prims\jvm.cpp:1166
Event: 1.423 Thread 0x00878400 Threw 0x23036328 at C:\jdk7u5_32P\jdk7u5\hotspot\src\share\vm\prims\jvm.cpp:1166
Event: 1.483 Thread 0x00878400 Threw 0x2305a090 at C:\jdk7u5_32P\jdk7u5\hotspot\src\share\vm\prims\jvm.cpp:1166
Event: 1.483 Thread 0x00878400 Threw 0x2305ac18 at C:\jdk7u5_32P\jdk7u5\hotspot\src\share\vm\prims\jvm.cpp:1166
Event: 1.486 Thread 0x00878400 Threw 0x2305d7e8 at C:\jdk7u5_32P\jdk7u5\hotspot\src\share\vm\prims\jvm.cpp:1166
Event: 1.486 Thread 0x00878400 Threw 0x2305e370 at C:\jdk7u5_32P\jdk7u5\hotspot\src\share\vm\prims\jvm.cpp:1166

Events (10 events):
Event: 3.986 loading class 0x382ea650 done
Event: 3.987 loading class 0x382fa788
Event: 3.987 loading class 0x382fa788 done
Event: 3.987 loading class 0x382fa758
Event: 3.987 loading class 0x382fa758 done
Event: 5.123 Executing VM operation: EnableBiasedLocking
Event: 5.123 Executing VM operation: EnableBiasedLocking done
Event: 5.177 Thread 0x03078400 Thread added: 0x03078400
Event: 5.177 Thread 0x03078800 Thread added: 0x03078800
Event: 5.177 Thread 0x03079000 Thread added: 0x03079000


Dynamic libraries:
0x00400000 - 0x0042f000 	C:\Program Files\Java\jdk1.7.0_05\bin\javaw.exe
0x7c920000 - 0x7c9b6000 	C:\WINDOWS\system32\ntdll.dll
0x7c800000 - 0x7c91e000 	C:\WINDOWS\system32\kernel32.dll
0x77da0000 - 0x77e49000 	C:\WINDOWS\system32\ADVAPI32.dll
0x77e50000 - 0x77ee3000 	C:\WINDOWS\system32\RPCRT4.dll
0x77fc0000 - 0x77fd1000 	C:\WINDOWS\system32\Secur32.dll
0x77d10000 - 0x77da0000 	C:\WINDOWS\system32\USER32.dll
0x77ef0000 - 0x77f39000 	C:\WINDOWS\system32\GDI32.dll
0x77180000 - 0x77283000 	C:\WINDOWS\WinSxS\x86_Microsoft.Windows.Common-Controls_6595b64144ccf1df_6.0.2600.6028_x-ww_61e65202\COMCTL32.dll
0x77be0000 - 0x77c38000 	C:\WINDOWS\system32\msvcrt.dll
0x77f40000 - 0x77fb6000 	C:\WINDOWS\system32\SHLWAPI.dll
0x76300000 - 0x7631d000 	C:\WINDOWS\system32\IMM32.DLL
0x62c20000 - 0x62c29000 	C:\WINDOWS\system32\LPK.DLL
0x73fa0000 - 0x7400b000 	C:\WINDOWS\system32\USP10.dll
0x78aa0000 - 0x78b5e000 	C:\Program Files\Java\jdk1.7.0_05\jre\bin\msvcr100.dll
0x6d9c0000 - 0x6dd0a000 	C:\Program Files\Java\jdk1.7.0_05\jre\bin\client\jvm.dll
0x71a40000 - 0x71a4b000 	C:\WINDOWS\system32\WSOCK32.dll
0x71a20000 - 0x71a37000 	C:\WINDOWS\system32\WS2_32.dll
0x71a10000 - 0x71a18000 	C:\WINDOWS\system32\WS2HELP.dll
0x76b10000 - 0x76b3a000 	C:\WINDOWS\system32\WINMM.dll
0x76bc0000 - 0x76bcb000 	C:\WINDOWS\system32\PSAPI.DLL
0x6d950000 - 0x6d95c000 	C:\Program Files\Java\jdk1.7.0_05\jre\bin\verify.dll
0x6d400000 - 0x6d420000 	C:\Program Files\Java\jdk1.7.0_05\jre\bin\java.dll
0x6d9a0000 - 0x6d9b3000 	C:\Program Files\Java\jdk1.7.0_05\jre\bin\zip.dll
0x6d110000 - 0x6d252000 	C:\Program Files\Java\jdk1.7.0_05\jre\bin\awt.dll
0x770f0000 - 0x7717b000 	C:\WINDOWS\system32\OLEAUT32.dll
0x76990000 - 0x76ace000 	C:\WINDOWS\system32\ole32.dll
0x5adc0000 - 0x5adf7000 	C:\WINDOWS\system32\uxtheme.dll
0x74680000 - 0x746cc000 	C:\WINDOWS\system32\MSCTF.dll
0x73640000 - 0x7366e000 	C:\WINDOWS\system32\msctfime.ime
0x76fa0000 - 0x7701f000 	C:\WINDOWS\system32\CLBCATQ.DLL
0x77020000 - 0x770ba000 	C:\WINDOWS\system32\COMRes.dll
0x77bd0000 - 0x77bd8000 	C:\WINDOWS\system32\VERSION.dll
0x7d590000 - 0x7dd84000 	C:\WINDOWS\system32\shell32.dll
0x10000000 - 0x10352000 	C:\WINDOWS\system32\GOOGLEPINYIN2.IME
0x765e0000 - 0x76675000 	C:\WINDOWS\system32\CRYPT32.dll
0x76db0000 - 0x76dc2000 	C:\WINDOWS\system32\MSASN1.dll
0x76c00000 - 0x76c2e000 	C:\WINDOWS\system32\WINTRUST.dll
0x76c60000 - 0x76c89000 	C:\WINDOWS\system32\IMAGEHLP.dll
0x762f0000 - 0x762f5000 	C:\WINDOWS\system32\MSIMG32.dll
0x4ae90000 - 0x4b03b000 	C:\WINDOWS\WinSxS\x86_Microsoft.Windows.GdiPlus_6595b64144ccf1df_1.0.6002.23084_x-ww_f3f35550\gdiplus.dll
0x68d60000 - 0x68e01000 	C:\WINDOWS\system32\dbghelp.dll
0x759d0000 - 0x75a7f000 	C:\WINDOWS\system32\USERENV.dll
0x3e410000 - 0x3e4f7000 	C:\WINDOWS\system32\WININET.dll
0x033e0000 - 0x033e9000 	C:\WINDOWS\system32\Normaliz.dll
0x43ce0000 - 0x43e14000 	C:\WINDOWS\system32\urlmon.dll
0x3eab0000 - 0x3ec9c000 	C:\WINDOWS\system32\iertutil.dll
0x5d170000 - 0x5d20a000 	C:\WINDOWS\system32\comctl32.dll
0x6d350000 - 0x6d37a000 	C:\Program Files\Java\jdk1.7.0_05\jre\bin\fontmanager.dll
0x6d720000 - 0x6d734000 	C:\Program Files\Java\jdk1.7.0_05\jre\bin\net.dll
0x6d740000 - 0x6d74f000 	C:\Program Files\Java\jdk1.7.0_05\jre\bin\nio.dll
0x6d8f0000 - 0x6d921000 	C:\Program Files\Java\jdk1.7.0_05\jre\bin\t2k.dll
0x5fdd0000 - 0x5fe25000 	C:\WINDOWS\system32\netapi32.dll
0x03d20000 - 0x04269000 	C:\WINDOWS\system32\xpsp2res.dll
0x76060000 - 0x761b6000 	C:\WINDOWS\system32\SETUPAPI.dll
0x71a90000 - 0x71aa2000 	C:\WINDOWS\system32\MPR.dll
0x75ed0000 - 0x75ed7000 	C:\WINDOWS\System32\drprov.dll
0x71b90000 - 0x71b9e000 	C:\WINDOWS\System32\ntlanman.dll
0x71c50000 - 0x71c65000 	C:\WINDOWS\System32\NETUI0.dll
0x71c10000 - 0x71c50000 	C:\WINDOWS\System32\NETUI1.dll
0x71c00000 - 0x71c07000 	C:\WINDOWS\System32\NETRAP.dll
0x71b70000 - 0x71b83000 	C:\WINDOWS\System32\SAMLIB.dll
0x75ee0000 - 0x75eea000 	C:\WINDOWS\System32\davclnt.dll
0x76d70000 - 0x76d92000 	C:\WINDOWS\system32\appHelp.dll
0x758d0000 - 0x759c1000 	C:\WINDOWS\system32\MSGINA.dll
0x73540000 - 0x7357d000 	C:\WINDOWS\system32\ODBC32.dll
0x76320000 - 0x76367000 	C:\WINDOWS\system32\comdlg32.dll
0x762d0000 - 0x762e0000 	C:\WINDOWS\system32\WINSTA.dll
0x1f840000 - 0x1f857000 	C:\WINDOWS\system32\odbcint.dll
0x73b10000 - 0x73b23000 	C:\WINDOWS\system32\sti.dll
0x74a40000 - 0x74a47000 	C:\WINDOWS\system32\CFGMGR32.dll
0x76950000 - 0x76958000 	C:\WINDOWS\system32\LINKINFO.dll
0x76960000 - 0x76984000 	C:\WINDOWS\system32\ntshrui.dll
0x76af0000 - 0x76b01000 	C:\WINDOWS\system32\ATL.DLL
0x3eca0000 - 0x3f73d000 	C:\WINDOWS\system32\ieframe.dll
0x04610000 - 0x04629000 	C:\WINDOWS\system32\btmmhook.dll
0x5dd50000 - 0x5de73000 	C:\WINDOWS\system32\msxml3.dll
0x08710000 - 0x087a0000 	C:\Documents and Settings\Admin\Application Data\TaobaoProtect\TaobaoProtectSE.dll
0x08850000 - 0x08874000 	C:\Program Files\Kingsoft\PowerWordDict\CBSelectText.dll
0x08890000 - 0x088a2000 	C:\Program Files\ThinkPad\Bluetooth Software\btkeyind.dll
0x08a90000 - 0x08aa2000 	C:\Program Files\LENOVO\HOTKEY\hkvolkey.dll

VM Arguments:
jvm_args: -Dfile.encoding=GBK 
java_command: ImageApp
Launcher Type: SUN_STANDARD

Environment Variables:
PATH=C:/Program Files/Java/jdk1.7.0_05/bin/../jre/bin/client;C:/Program Files/Java/jdk1.7.0_05/bin/../jre/bin;C:/Program Files/Java/jdk1.7.0_05/bin/../jre/lib/i386;C:\root\\bin;C:\Program Files\Java\jdk1.7.0_05\bin;C:\WINDOWS\system32;C:\WINDOWS;C:\WINDOWS\system32\wbem;C:\Program Files\Microsoft SQL Server\90\Tools\binn\;d:\matlab6p5\bin\win32;D:\software_tools\eclipse-SDK-4.2.1-win32\eclipse;
USERNAME=Admin
OS=Windows_NT
PROCESSOR_IDENTIFIER=x86 Family 6 Model 23 Stepping 6, GenuineIntel



---------------  S Y S T E M  ---------------

OS: Windows XP Build 2600 Service Pack 3

CPU:total 2 (2 cores per cpu, 1 threads per core) family 6 model 23 stepping 6, cmov, cx8, fxsr, mmx, sse, sse2, sse3, ssse3, sse4.1, tsc

Memory: 4k page, physical 3104720k(1692488k free), swap 5036092k(3253688k free)

vm_info: Java HotSpot(TM) Client VM (23.1-b03) for windows-x86 JRE (1.7.0_05-b06), built on Jun 27 2012 00:51:27 by "java_re" with unknown MS VC++:1600

time: Wed May 13 13:21:56 2015
elapsed time: 5 seconds

